
GET, /contacts/, 08-10-2023_09:26:40
GET, /contacts/, 08-10-2023_10:21:32
GET, /api/contacts/, 08-10-2023_10:21:42
GET, /api/contacts/1, 08-10-2023_10:24:58
GET, /api/contacts/, 08-10-2023_10:25:05
GET, /api/contacts/AeHIrLTr6JkxGE6SN-0Rw, 08-10-2023_10:25:40
GET, /api/contacts/AeHIrLTr6JkxGE6SN-0Rw, 08-10-2023_10:29:00
GET, /api/contacts/1, 08-10-2023_10:29:09
GET, /api/contacts/, 08-10-2023_10:29:15
GET, /api/contacts/, 08-10-2023_10:45:22
GET, /api/contacts/, 08-10-2023_10:58:12
GET, /api/contacts/qdggE76Jtbfd9eWJHrssH, 10-10-2023_02:37:54
GET, /contacts/qdggE76Jtbfd9eWJHrssH, 10-10-2023_02:38:29
GET, /api/contacts/qdggE76Jtbfd9eWJHrssH, 10-10-2023_02:39:50
GET, /api/contacts, 10-10-2023_02:41:21
GET, /api/contacts/vza2RIzNGIwutCVCs4mCL, 10-10-2023_02:41:30
GET, /api/contacts/vza2RIzNGIwutCVCs4mCL, 10-10-2023_02:41:38
GET, /api/contacts/05olLMgyVQdWRwgKfg5J6, 10-10-2023_02:42:02
GET, /api/contacts/05olLMgyVQdWRwgKfg5J6, 10-10-2023_02:43:20
GET, /api/contacts/qdggE76Jtbfd9eWJHrssH, 10-10-2023_02:45:35
GET, /api/contacts/qdggE76Jtbfd9eWJHrssH, 10-10-2023_02:50:02
GET, /api/contacts/05olLMgyVQdWRwgKfg5J6, 10-10-2023_02:50:22
GET, /api/contacts/qdggE76Jtbfd9eWJHrssH, 10-10-2023_02:52:36
GET, /api/contacts/qdggE76Jtbfd9eWJHrssH, 10-10-2023_02:53:09
GET, /api/contacts/qdggE76Jtbfd9eWJHrssH, 10-10-2023_02:53:36
GET, /api/contacts/qdggE76Jtbfd9eWJHrssH, 10-10-2023_02:54:21
GET, /api/contacts/qdggE76Jtbfd9eWJHrssH, 10-10-2023_02:54:46
GET, /api/contacts/qdggE76Jtbfd9eWJHrssH, 10-10-2023_02:54:47
GET, /api/contacts/qdggE76Jtbfd9eWJHrssH, 10-10-2023_03:01:30
GET, /api/contacts/qdggE76Jtbfd9eWJHrssH8, 10-10-2023_03:01:35
GET, /api/contacts/qdggE76Jtbfd9eWJHrssH, 10-10-2023_03:03:28
GET, /api/contacts/qdggE76Jtbfd9eWJHrssH, 10-10-2023_03:03:33
GET, /api/contacts/qdggE76Jtbfd9eWJHrssH, 10-10-2023_07:34:32
GET, /api/contacts/qdggE76Jtbfd9eWJHrssH6, 10-10-2023_07:34:37
GET, /api/contacts/qdggE76Jtbfd9eWJHrssH, 10-10-2023_07:42:08
GET, /api/contacts/qdggE76Jtbfd9eWJHrssH, 10-10-2023_07:42:23
GET, /api/contacts/, 10-10-2023_07:42:30
GET, /api/contacts/, 10-10-2023_07:48:41
POST, /api/contacts/, 10-10-2023_09:35:33
POST, /api/contacts, 10-10-2023_09:36:24
POST, /api/contacts, 10-10-2023_09:38:08
POST, /api/contacts, 10-10-2023_09:39:30
GET, /api/contacts, 10-10-2023_10:10:46
POST, /api/contacts, 10-10-2023_10:11:52
POST, /api/contacts, 10-10-2023_10:17:05
POST, /api/contacts, 10-10-2023_10:17:13
GET, /api/contacts, 10-10-2023_10:17:23
GET, /api/contacts/d, 10-10-2023_10:17:28
POST, /api/contacts/, 10-10-2023_10:17:38
GET, /api/contacts/qdggE76Jtbfd9eWJHrssH, 10-10-2023_10:17:43
GET, /favicon.ico, 10-10-2023_10:17:44
POST, /api/contacts/, 10-10-2023_10:18:05
POST, /api/contacts/, 10-10-2023_10:19:41
POST, /api/contacts/, 10-10-2023_10:20:11
POST, /api/contacts/, 10-10-2023_10:21:25