Arguments: 
  C:\Program Files\nodejs\node.exe C:\Users\ZakLavrenchuk\AppData\Roaming\npm\node_modules\yarn\bin\yarn.js

PATH: 
  C:\Users\ZakLavrenchuk\bin;C:\Program Files\Git\mingw64\bin;C:\Program Files\Git\usr\local\bin;C:\Program Files\Git\usr\bin;C:\Program Files\Git\usr\bin;C:\Program Files\Git\mingw64\bin;C:\Program Files\Git\usr\bin;C:\Users\ZakLavrenchuk\bin;C:\Program Files\Microsoft\jdk-11.0.18.10-hotspot\bin;C:\Program Files (x86)\Common Files\Oracle\Java\javapath;C:\ProgramData\Oracle\Java\javapath;C:\WINDOWS\system32;C:\WINDOWS;C:\WINDOWS\System32\Wbem;C:\WINDOWS\System32\WindowsPowerShell\v1.0;C:\WINDOWS\System32\OpenSSH;C:\Program Files\Git\cmd;C:\ProgramData\chocolatey\bin;C:\Program Files\nodejs;C:\Program Files\NVIDIA Corporation\NVIDIA NvDLISR;C:\Program Files (x86)\NVIDIA Corporation\PhysX\Common;C:\Users\ZakLavrenchuk\AppData\Local\Microsoft\WindowsApps;E:\Program Files\Microsoft VS Code\bin;C:\Users\ZakLavrenchuk\AppData\Local\GitHubDesktop\bin;C:\Users\ZakLavrenchuk\AppData\Roaming\npm;C:\Users\ZakLavrenchuk\.android\avd;C:\Program Files\Git\usr\bin\vendor_perl;C:\Program Files\Git\usr\bin\core_perl

Yarn version: 
  1.22.19

Node version: 
  16.17.1

Platform: 
  win32 x64

Trace: 
  SyntaxError: C:\Users\ZakLavrenchuk\Desktop\ІТ ТЕХНОЛОГІЇ\homework_node\song-of\package.json: Unexpected string in JSON at position 453
      at JSON.parse (<anonymous>)
      at C:\Users\ZakLavrenchuk\AppData\Roaming\npm\node_modules\yarn\lib\cli.js:1629:59
      at Generator.next (<anonymous>)
      at step (C:\Users\ZakLavrenchuk\AppData\Roaming\npm\node_modules\yarn\lib\cli.js:310:30)
      at C:\Users\ZakLavrenchuk\AppData\Roaming\npm\node_modules\yarn\lib\cli.js:321:13

npm manifest: 
  {
    "name": "template",
    "version": "0.0.0",
    "private": true,
    "scripts": {
      "start": "cross-env NODE_ENV=production node ./server.js",
      "start:dev": "cross-env NODE_ENV=development nodemon ./server.js",
      "lint": "eslint **/*.js",
      "lint:fix": "eslint --fix **/*.js"
    },
    "dependencies": {
      "cors": "2.8.5",
      "cross-env": "7.0.3",
      "express": "4.17.1",
      "joi": "^17.9.2",
      "morgan": "1.10.0",
      "nanoid": "^3.3.4"
      "mongoose": "^7.2.2",
    },
    "devDependencies": {
      "eslint": "7.19.0",
      "eslint-config-prettier": "^8.3.0",
      "eslint-config-standard": "16.0.3",
      "eslint-plugin-import": "2.25.3",
      "eslint-plugin-node": "^11.1.0",
      "eslint-plugin-promise": "5.2.0",
      "nodemon": "2.0.15"
    }
  }

yarn manifest: 
  No manifest

Lockfile: 
  No lockfile
