
GET /users/ 13-08-2022_11:58:20
GET /contacts/ 13-08-2022_12:17:29
GET /contacts/ 13-08-2022_12:18:19
GET /contacts/ 13-08-2022_12:18:35
GET /contacts 13-08-2022_12:53:17
GET /products/ 13-08-2022_12:53:19
GET /contacts/ 13-08-2022_01:22:34
GET / 13-08-2022_01:24:56
GET /contacts 13-08-2022_01:24:59
GET /contacts 13-08-2022_01:34:20
GET /contacts 13-08-2022_01:41:08
GET /contacts 13-08-2022_01:41:13
GET /contacts 13-08-2022_01:48:35
GET /contacts 13-08-2022_01:48:38
GET / 13-08-2022_01:48:41
GET /contacts 13-08-2022_01:48:42
GET /contacts 13-08-2022_01:52:56
GET /contacts 13-08-2022_01:53:03
GET /contacts 13-08-2022_01:53:30
GET / 13-08-2022_01:53:39
GET / 13-08-2022_01:53:42
GET / 13-08-2022_01:54:26
GET / 13-08-2022_01:54:27