
GET /api/contacts 27-12-2023_01:49:09
GET /api/contacts 27-12-2023_01:49:44
POST /api/contacts/ZAmqDyBD96NMbPNVI9BO6 27-12-2023_01:50:11
POST /api/contacts/ 27-12-2023_01:50:16
GET /api/contacts 27-12-2023_01:50:21
POST /api/contacts/MDR7V-G-P3mpHyHoaFog9 27-12-2023_01:50:31
GET /api/contacts/MDR7V-G-P3mpHyHoaFog9 27-12-2023_01:50:35
PUT /api/contacts/MDR7V-G-P3mpHyHoaFog9 27-12-2023_01:50:44
GET /api/contacts 27-12-2023_01:50:46
DELETE /api/contacts/MDR7V-G-P3mpHyHoaFog9 27-12-2023_01:51:03
PATCH /api/users/avatars 21-01-2024_08:44:06
PATCH /api/users/login 24-01-2024_07:54:49
PATCH /api/users/login 24-01-2024_07:55:18
POST /api/users/login 24-01-2024_07:55:28
GET /api/contacts 24-01-2024_07:56:03
GET /api/contacts/ 24-01-2024_07:56:21
GET /api/contacts/?favorite 24-01-2024_07:56:28
GET /api/contacts/?favorite=true 24-01-2024_07:56:33
GET /api/contacts/ 24-01-2024_07:57:08
GET /api/contacts/ 24-01-2024_07:57:22
GET /api/contacts/ 24-01-2024_07:57:39
GET /api/contacts/ 24-01-2024_07:59:30
GET /api/contacts/ 24-01-2024_08:00:00
GET /api/contacts/ 24-01-2024_08:00:05
GET /api/contacts/ 24-01-2024_08:00:14
GET /api/contacts/ 24-01-2024_08:00:56
POST /api/users/login 24-01-2024_08:01:04
GET /api/contacts/ 24-01-2024_08:01:13
POST /api/users/login 24-01-2024_08:01:23
GET /api/contacts/ 24-01-2024_08:01:30
GET /api/contacts/ 24-01-2024_08:02:03
GET /api/contacts/ 24-01-2024_08:05:22
GET /api/contacts/?page=2 24-01-2024_08:05:40
GET /api/contacts/?page=1 24-01-2024_08:05:43
GET /api/contacts/ 24-01-2024_08:11:04
GET /api/contacts/?favorite=true 24-01-2024_08:11:20
GET /api/contacts/?favorite=true 24-01-2024_08:11:52
GET /api/contacts/?favorite=true 24-01-2024_08:12:12