
GET /contacts 19-09-2023_01:45:13
GET / 19-09-2023_01:45:28
GET / 19-09-2023_01:45:33
GET / 19-09-2023_01:45:55
GET / 19-09-2023_01:46:20
GET /contacts 19-09-2023_01:46:28
GET /contact 19-09-2023_01:47:21
GET / 20-09-2023_10:02:53
GET /favicon.ico 20-09-2023_10:02:54
GET /contacts 20-09-2023_10:03:03
GET /contacts 20-09-2023_10:03:34
GET /contacts 20-09-2023_10:04:44
GET /contacts 20-09-2023_10:04:45
GET / 20-09-2023_10:04:57
GET / 20-09-2023_10:05:45
GET / 20-09-2023_10:05:46
GET /contacts 20-09-2023_10:06:50
GET /contacts 20-09-2023_10:07:23
GET /contacts 20-09-2023_10:44:10
GET /contacts 20-09-2023_10:46:06
GET / 20-09-2023_12:39:26
GET / 20-09-2023_12:39:31
GET /api 20-09-2023_12:39:36
GET /api/ 20-09-2023_12:39:37
GET /api/ 20-09-2023_12:40:42
GET / 20-09-2023_12:40:47
GET /contacts 20-09-2023_12:44:29
GET /contacts 20-09-2023_12:44:30
GET /contacts/qdggE76Jtbfd9eWJHrssH 20-09-2023_12:44:41
GET /contacts/qdggE76Jtbfd9eWJHrssH 20-09-2023_12:45:25
GET /contacts/qdggE76Jtbfd9eWJHrssH 20-09-2023_12:48:16
GET /contacts/qdggE76Jtbfd9eWJHrssH 20-09-2023_12:48:17
GET /contacts/qdggE76Jtbfd9eWJHrssH 20-09-2023_12:48:31
GET /contacts/qdggE76Jtbfd9eWJHrssH 20-09-2023_12:48:32
GET /contacts/qdggE76Jtbfd9eWJHrssH 20-09-2023_01:00:31
GET /contacts/qdggE76Jtbfd9eWJHrssH 20-09-2023_01:00:32
GET /contacts 20-09-2023_01:00:41
GET /contacts 20-09-2023_01:00:41
POST /api/contacts/ 22-09-2023_10:05:16
POST /api/contacts/ 22-09-2023_10:05:28
POST /api/contacts/ 22-09-2023_10:05:35
POST /api/contacts/ 22-09-2023_10:05:43
POST /api/contacts/ 22-09-2023_10:08:15
POST /api/contacts/ 22-09-2023_10:08:16
POST /api/contacts/ 22-09-2023_10:09:16
POST /api/contacts/ 22-09-2023_10:09:30
PUT /api/contacts/366db8f6-8a77-43ce-b526-ee992493a45e 22-09-2023_10:10:20
PUT /api/contacts/366db8f6-8a77-43ce-b526-ee992493a45e 22-09-2023_10:10:58
PUT /api/contacts/366db8f6-8a77-43ce-b526-ee992493a45e 22-09-2023_10:11:02
PUT /api/contacts/366db8f6-8a77-43ce-b526-ee992493a45e 22-09-2023_10:11:08
PUT /api/contacts/366db8f6-8a77-43ce-b526-ee992493a45e 22-09-2023_10:11:46
PUT /api/contacts/366db8f6-8a77-43ce-b526-ee992493a45e 22-09-2023_10:12:00
POST /api/contacts 22-09-2023_10:21:09
PUT /api/contacts/366db8f6-8a77-43ce-b526-ee992493a45e 22-09-2023_10:22:00
POST /api/contacts 26-09-2023_10:23:17
POST /api/contacts 26-09-2023_10:24:32
POST /api/contacts 26-09-2023_10:31:52
POST /api/contacts 26-09-2023_10:32:18
POST /users/register 10-10-2023_11:12:53
POST /users/register 10-10-2023_11:19:37
POST /users/register 10-10-2023_11:21:20
POST /users/register 10-10-2023_11:21:31
POST /users/register 10-10-2023_11:21:55
POST /users/register 10-10-2023_11:22:01
POST /users/register 10-10-2023_11:22:24
POST /users/register 10-10-2023_11:22:36
POST /users/login 10-10-2023_11:28:07
POST /users/login 10-10-2023_11:28:18
POST /users/login 10-10-2023_11:28:57
POST /users/login 10-10-2023_11:30:09
GET /users/current 10-10-2023_11:36:14
POST /users/logout 10-10-2023_11:45:10
GET /users/current 10-10-2023_11:45:25
GET /users/current 10-10-2023_11:46:13
POST /users/logout 10-10-2023_11:47:32
POST /users/logout 10-10-2023_11:48:35
POST /users/logout 10-10-2023_11:54:12
POST /users/logout 10-10-2023_11:55:02
POST /users/logout 10-10-2023_11:55:04
POST /users/logout 10-10-2023_11:55:11
POST /users/logout 10-10-2023_11:55:37
POST /users/logout 10-10-2023_11:56:38
POST /users/logout 10-10-2023_11:56:49
POST /users/logout 10-10-2023_11:57:37
POST /users/logout 10-10-2023_11:58:26
POST /users/logout 10-10-2023_11:58:51
POST /users/logout 10-10-2023_12:02:30
POST /users/logout 10-10-2023_12:02:55
POST /users/logout 10-10-2023_12:04:33
POST /users/logout 10-10-2023_12:05:47
POST /users/logout 10-10-2023_12:06:28
POST /users/logout 10-10-2023_12:07:11
POST /users/logout 10-10-2023_12:08:29
GET /api/contacts 10-10-2023_12:09:27
POST /api/contacts 10-10-2023_12:18:41
POST /api/contacts 10-10-2023_12:19:16