::1 - - [08/Dec/2022:11:43:12 +0000] "GET /api/contacts/1 HTTP/1.1" 200 94 "-" "PostmanRuntime/7.29.2"
::1 - - [08/Dec/2022:11:44:00 +0000] "POST /api/contacts/ HTTP/1.1" 201 86 "-" "PostmanRuntime/7.29.2"
::1 - - [08/Dec/2022:11:44:36 +0000] "PUT /api/contacts/11 HTTP/1.1" 201 82 "-" "PostmanRuntime/7.29.2"
::1 - - [08/Dec/2022:11:46:23 +0000] "PUT /api/contacts/11 HTTP/1.1" 201 79 "-" "PostmanRuntime/7.29.2"
::1 - - [08/Dec/2022:11:46:28 +0000] "PUT /api/contacts/11 HTTP/1.1" 400 65 "-" "PostmanRuntime/7.29.2"
::1 - - [08/Dec/2022:11:50:38 +0000] "POST /api/contacts/ HTTP/1.1" 400 65 "-" "PostmanRuntime/7.29.2"
::1 - - [08/Dec/2022:11:50:45 +0000] "POST /api/contacts/ HTTP/1.1" 201 85 "-" "PostmanRuntime/7.29.2"
::1 - - [08/Dec/2022:11:51:24 +0000] "PATCH /api/contacts/12 HTTP/1.1" 201 95 "-" "PostmanRuntime/7.29.2"
::1 - - [08/Dec/2022:11:51:47 +0000] "PATCH /api/contacts/12 HTTP/1.1" 400 36 "-" "PostmanRuntime/7.29.2"
::1 - - [08/Dec/2022:11:51:56 +0000] "DELETE /api/contacts/12 HTTP/1.1" 200 32 "-" "PostmanRuntime/7.29.2"
::1 - - [08/Dec/2022:11:52:19 +0000] "GET /api/contacts/12 HTTP/1.1" 404 23 "-" "PostmanRuntime/7.29.2"
::1 - - [08/Dec/2022:12:02:35 +0000] "GET /api/contacts/12 HTTP/1.1" 404 23 "-" "PostmanRuntime/7.29.2"
::1 - - [08/Dec/2022:12:04:53 +0000] "GET /api/contacts/12 HTTP/1.1" 404 23 "-" "PostmanRuntime/7.29.2"
::1 - - [08/Dec/2022:12:13:24 +0000] "GET /api/contacts/10 HTTP/1.1" 200 113 "-" "PostmanRuntime/7.29.2"
::1 - - [08/Dec/2022:12:13:31 +0000] "GET /api/contacts/11 HTTP/1.1" 200 79 "-" "PostmanRuntime/7.29.2"
::1 - - [08/Dec/2022:12:13:37 +0000] "GET /api/contacts/12 HTTP/1.1" 404 23 "-" "PostmanRuntime/7.29.2"
::1 - - [08/Dec/2022:13:24:20 +0000] "GET /api/contacts/11 HTTP/1.1" 200 - "-" "PostmanRuntime/7.29.2"
::1 - - [08/Dec/2022:13:29:53 +0000] "GET /api/contacts/11 HTTP/1.1" 200 - "-" "PostmanRuntime/7.29.2"
::1 - - [08/Dec/2022:13:30:20 +0000] "GET /api/contacts/11 HTTP/1.1" 200 - "-" "PostmanRuntime/7.29.2"
::1 - - [08/Dec/2022:13:30:43 +0000] "GET /api/contacts/12 HTTP/1.1" 200 - "-" "PostmanRuntime/7.29.2"
::1 - - [08/Dec/2022:13:31:29 +0000] "GET /api/contacts/12 HTTP/1.1" 200 - "-" "PostmanRuntime/7.29.2"
::1 - - [08/Dec/2022:13:32:06 +0000] "GET /api/contacts/12 HTTP/1.1" 200 - "-" "PostmanRuntime/7.29.2"
::1 - - [08/Dec/2022:13:33:56 +0000] "GET /api/contacts/12 HTTP/1.1" 200 - "-" "PostmanRuntime/7.29.2"
::1 - - [08/Dec/2022:13:34:44 +0000] "GET /api/contacts/12 HTTP/1.1" 200 - "-" "PostmanRuntime/7.29.2"
::1 - - [08/Dec/2022:13:35:29 +0000] "GET /api/contacts/12 HTTP/1.1" 200 - "-" "PostmanRuntime/7.29.2"
::1 - - [08/Dec/2022:13:36:15 +0000] "GET /api/contacts/11 HTTP/1.1" 200 - "-" "PostmanRuntime/7.29.2"
::1 - - [08/Dec/2022:13:36:29 +0000] "GET /api/contacts/11 HTTP/1.1" 200 - "-" "PostmanRuntime/7.29.2"
::1 - - [08/Dec/2022:13:36:52 +0000] "GET /api/contacts/12 HTTP/1.1" 200 - "-" "PostmanRuntime/7.29.2"
::1 - - [08/Dec/2022:13:37:13 +0000] "GET /api/contacts/12 HTTP/1.1" 200 - "-" "PostmanRuntime/7.29.2"
::1 - - [08/Dec/2022:13:39:19 +0000] "GET /api/contacts/11 HTTP/1.1" 200 79 "-" "PostmanRuntime/7.29.2"
::1 - - [08/Dec/2022:13:40:32 +0000] "GET /api/contacts/12 HTTP/1.1" 500 49 "-" "PostmanRuntime/7.29.2"
::1 - - [08/Dec/2022:13:41:19 +0000] "GET /api/contacts/12 HTTP/1.1" 500 49 "-" "PostmanRuntime/7.29.2"
::1 - - [08/Dec/2022:13:42:34 +0000] "GET /api/contacts/12 HTTP/1.1" 500 49 "-" "PostmanRuntime/7.29.2"
::1 - - [08/Dec/2022:13:48:05 +0000] "GET /api/contacts/12 HTTP/1.1" 500 49 "-" "PostmanRuntime/7.29.2"
::1 - - [08/Dec/2022:13:50:35 +0000] "PATCH /api/contacts/11 HTTP/1.1" 201 83 "-" "PostmanRuntime/7.29.2"
::1 - - [08/Dec/2022:13:50:48 +0000] "PATCH /api/contacts/11 HTTP/1.1" 400 45 "-" "PostmanRuntime/7.29.2"
::1 - - [08/Dec/2022:13:59:00 +0000] "PATCH /api/contacts/11 HTTP/1.1" 201 90 "-" "PostmanRuntime/7.29.2"
::1 - - [08/Dec/2022:13:59:30 +0000] "PATCH /api/contacts/11 HTTP/1.1" 400 45 "-" "PostmanRuntime/7.29.2"
::1 - - [08/Dec/2022:14:01:19 +0000] "GET /api/contacts/11 HTTP/1.1" 200 90 "-" "PostmanRuntime/7.29.2"
::1 - - [08/Dec/2022:14:02:23 +0000] "GET /api/contacts/11 HTTP/1.1" 200 90 "-" "PostmanRuntime/7.29.2"
::1 - - [08/Dec/2022:14:02:49 +0000] "GET /api/contacts/12 HTTP/1.1" 500 49 "-" "PostmanRuntime/7.29.2"
::1 - - [08/Dec/2022:14:04:30 +0000] "GET /api/contacts/12 HTTP/1.1" 500 49 "-" "PostmanRuntime/7.29.2"
::1 - - [08/Dec/2022:14:06:27 +0000] "GET /api/contacts/12 HTTP/1.1" 500 49 "-" "PostmanRuntime/7.29.2"
::1 - - [08/Dec/2022:14:07:15 +0000] "GET /api/contacts/12 HTTP/1.1" 404 23 "-" "PostmanRuntime/7.29.2"
::1 - - [08/Dec/2022:14:07:40 +0000] "GET /api/contacts/10 HTTP/1.1" 200 113 "-" "PostmanRuntime/7.29.2"
::1 - - [08/Dec/2022:14:08:07 +0000] "GET /api/contacts/10 HTTP/1.1" 200 113 "-" "PostmanRuntime/7.29.2"
::1 - - [08/Dec/2022:14:08:41 +0000] "GET /api/contacts/10 HTTP/1.1" 200 113 "-" "PostmanRuntime/7.29.2"
::1 - - [08/Dec/2022:14:08:52 +0000] "GET /api/contacts/12 HTTP/1.1" 404 23 "-" "PostmanRuntime/7.29.2"
::1 - - [08/Dec/2022:14:09:23 +0000] "GET /api/contacts/12 HTTP/1.1" 200 14 "-" "PostmanRuntime/7.29.2"
::1 - - [08/Dec/2022:14:13:09 +0000] "GET /api/contacts/12 HTTP/1.1" 500 49 "-" "PostmanRuntime/7.29.2"
::1 - - [08/Dec/2022:14:13:48 +0000] "GET /api/contacts/12 HTTP/1.1" 500 49 "-" "PostmanRuntime/7.29.2"
::1 - - [08/Dec/2022:14:14:20 +0000] "GET /api/contacts/12 HTTP/1.1" 200 14 "-" "PostmanRuntime/7.29.2"
::1 - - [08/Dec/2022:14:17:10 +0000] "PATCH /api/contacts/11 HTTP/1.1" 400 45 "-" "PostmanRuntime/7.29.2"
::1 - - [08/Dec/2022:14:17:21 +0000] "PATCH /api/contacts/11 HTTP/1.1" 201 84 "-" "PostmanRuntime/7.29.2"
::1 - - [08/Dec/2022:14:17:37 +0000] "POST /api/contacts/ HTTP/1.1" 201 84 "-" "PostmanRuntime/7.29.2"
::1 - - [08/Dec/2022:14:17:40 +0000] "POST /api/contacts/ HTTP/1.1" 201 84 "-" "PostmanRuntime/7.29.2"
::1 - - [08/Dec/2022:14:22:35 +0000] "DELETE /api/contacts/11 HTTP/1.1" 200 32 "-" "PostmanRuntime/7.29.2"
::1 - - [08/Dec/2022:14:22:50 +0000] "DELETE /api/contacts/11 HTTP/1.1" 200 32 "-" "PostmanRuntime/7.29.2"
::1 - - [08/Dec/2022:14:23:37 +0000] "DELETE /api/contacts/11 HTTP/1.1" 404 23 "-" "PostmanRuntime/7.29.2"
::1 - - [08/Dec/2022:14:24:27 +0000] "PATCH /api/contacts/11 HTTP/1.1" 404 23 "-" "PostmanRuntime/7.29.2"
::1 - - [08/Dec/2022:14:24:32 +0000] "PATCH /api/contacts/12 HTTP/1.1" 201 84 "-" "PostmanRuntime/7.29.2"
::1 - - [08/Dec/2022:14:24:39 +0000] "PATCH /api/contacts/12 HTTP/1.1" 201 81 "-" "PostmanRuntime/7.29.2"
::1 - - [08/Dec/2022:14:24:44 +0000] "PATCH /api/contacts/12 HTTP/1.1" 400 45 "-" "PostmanRuntime/7.29.2"
::1 - - [08/Dec/2022:14:24:51 +0000] "PATCH /api/contacts/12 HTTP/1.1" 201 81 "-" "PostmanRuntime/7.29.2"
::1 - - [08/Dec/2022:14:27:24 +0000] "PATCH /api/contacts/12 HTTP/1.1" 400 45 "-" "PostmanRuntime/7.29.2"
::1 - - [08/Dec/2022:14:31:27 +0000] "POST /api/contacts/12 HTTP/1.1" 400 55 "-" "PostmanRuntime/7.29.2"
::1 - - [08/Dec/2022:14:31:34 +0000] "POST /api/contacts/ HTTP/1.1" 400 45 "-" "PostmanRuntime/7.29.2"
::1 - - [08/Dec/2022:14:31:40 +0000] "POST /api/contacts/ HTTP/1.1" 400 35 "-" "PostmanRuntime/7.29.2"
::1 - - [08/Dec/2022:14:32:09 +0000] "PUT /api/contacts/12 HTTP/1.1" 400 45 "-" "PostmanRuntime/7.29.2"
::1 - - [08/Dec/2022:14:32:17 +0000] "PUT /api/contacts/12 HTTP/1.1" 201 81 "-" "PostmanRuntime/7.29.2"
::1 - - [08/Dec/2022:14:32:34 +0000] "PATCH /api/contacts/12 HTTP/1.1" 201 93 "-" "PostmanRuntime/7.29.2"
::1 - - [08/Dec/2022:14:33:19 +0000] "DELETE /api/contacts/12 HTTP/1.1" 200 32 "-" "PostmanRuntime/7.29.2"
::1 - - [08/Dec/2022:14:35:30 +0000] "DELETE /api/contacts/12 HTTP/1.1" 404 23 "-" "PostmanRuntime/7.29.2"
::1 - - [08/Dec/2022:14:35:51 +0000] "DELETE /api/contacts/11 HTTP/1.1" 404 23 "-" "PostmanRuntime/7.29.2"
::1 - - [08/Dec/2022:14:35:58 +0000] "DELETE /api/contacts/13 HTTP/1.1" 200 32 "-" "PostmanRuntime/7.29.2"
::1 - - [08/Dec/2022:14:36:16 +0000] "DELETE /api/contacts/13 HTTP/1.1" 404 23 "-" "PostmanRuntime/7.29.2"
::1 - - [08/Dec/2022:14:36:32 +0000] "POST /api/contacts/ HTTP/1.1" 201 81 "-" "PostmanRuntime/7.29.2"
::1 - - [08/Dec/2022:14:36:39 +0000] "POST /api/contacts/ HTTP/1.1" 201 81 "-" "PostmanRuntime/7.29.2"
::1 - - [08/Dec/2022:14:37:01 +0000] "DELETE /api/contacts/12 HTTP/1.1" 200 32 "-" "PostmanRuntime/7.29.2"
::1 - - [08/Dec/2022:14:39:46 +0000] "PATCH /api/contacts/11 HTTP/1.1" 201 89 "-" "PostmanRuntime/7.29.2"
